Virtual User Script started at : 2014-05-02 13:52:44	[MsgId: MMSG-205068]
Starting action vuser_init.	[MsgId: MMSG-205052]
TruClient Replay for LoadRunner 12.0.0, build 1362. OS: Windows 7, initialized on 2014/05/02 at 13:52:38 (0000.000s)
	[MsgId: MMSG-204898]
t=00006368ms: ** 1: Evaluate JavaScript code var jTransIteration = 0; ** started    [MsgId: MMSG-205180]	[MsgId: MMSG-205180]
t=00006801ms: ** 1: Evaluate JavaScript code var jTransIteration = 0; ** successfully completed    [MsgId: MMSG-205180]	[MsgId: MMSG-205180]
Ending action vuser_init.	[MsgId: MMSG-205051]
Running Vuser...	[MsgId: MMSG-205064]
Starting iteration 1.	[MsgId: MMSG-15968]
Starting action Action.	[MsgId: MMSG-205052]
Notify: Transaction "T01_Landing" started.	[MsgId: MMSG-16999]
t=00007316ms: ** 1: Navigate to 'http://' +  TC.getParam...os/DropDownDemo' ** started    [MsgId: MMSG-205180]	[MsgId: MMSG-205180]
t=00007513ms: Warning -204676: Failed to connect to server "54.188.18.140": Connection timed out    [MsgId: MWAR-204676]	[MsgId: MWAR-204676]
t=00187322ms: Error -205177: ** 1: Navigate to "http://54.188.18.140/demos/DropDownDemo" ** timed out    [MsgId: MERR-205177]	[MsgId: MERR-205177]
Notify: Transaction "T01_Landing" ended with "Fail" status (Duration: 180.0109).	[MsgId: MMSG-16873]
Ending action Action.	[MsgId: MMSG-205051]
Ending iteration 1.	[MsgId: MMSG-15965]
Ending Vuser...	[MsgId: MMSG-205066]
Starting action vuser_end.	[MsgId: MMSG-205052]
Ending action vuser_end.	[MsgId: MMSG-205051]
Vuser Terminated.	[MsgId: MMSG-205063]
