Virtual User Script started at : 2014-05-02 13:52:41	[MsgId: MMSG-205068]
Starting action vuser_init.	[MsgId: MMSG-205052]
TruClient Replay for LoadRunner 12.0.0, build 1362. OS: Windows 7, initialized on 2014/05/02 at 13:52:38 (0000.000s)
	[MsgId: MMSG-204898]
t=00003728ms: ** 1: Evaluate JavaScript code var jTransIteration = 0; ** started    [MsgId: MMSG-205180]	[MsgId: MMSG-205180]
t=00004331ms: ** 1: Evaluate JavaScript code var jTransIteration = 0; ** successfully completed    [MsgId: MMSG-205180]	[MsgId: MMSG-205180]
Ending action vuser_init.	[MsgId: MMSG-205051]
Running Vuser...	[MsgId: MMSG-205064]
Starting iteration 1.	[MsgId: MMSG-15968]
Starting action Action.	[MsgId: MMSG-205052]
Notify: Transaction "T01_Landing" started.	[MsgId: MMSG-16999]
t=00004895ms: ** 1: Navigate to 'http://' +  TC.getParam...os/DropDownDemo' ** started    [MsgId: MMSG-205180]	[MsgId: MMSG-205180]
t=00004990ms: Warning -204676: Failed to connect to server "54.188.18.140": Connection timed out    [MsgId: MWAR-204676]	[MsgId: MWAR-204676]
Virtual User Script started at : 2014-05-02 13:52:44	[MsgId: MMSG-205068]
Starting action vuser_init.	[MsgId: MMSG-205052]
t=00006367ms: ** 1: Evaluate JavaScript code var jTransIteration = 0; ** started    [MsgId: MMSG-205180]	[MsgId: MMSG-205180]
Virtual User Script started at : 2014-05-02 13:52:44	[MsgId: MMSG-205068]
Starting action vuser_init.	[MsgId: MMSG-205052]
t=00006519ms: ** 1: Evaluate JavaScript code var jTransIteration = 0; ** started    [MsgId: MMSG-205180]	[MsgId: MMSG-205180]
Virtual User Script started at : 2014-05-02 13:52:44	[MsgId: MMSG-205068]
Starting action vuser_init.	[MsgId: MMSG-205052]
t=00006546ms: ** 1: Evaluate JavaScript code var jTransIteration = 0; ** started    [MsgId: MMSG-205180]	[MsgId: MMSG-205180]
Virtual User Script started at : 2014-05-02 13:52:45	[MsgId: MMSG-205068]
Virtual User Script started at : 2014-05-02 13:52:45	[MsgId: MMSG-205068]
Starting action vuser_init.	[MsgId: MMSG-205052]
Starting action vuser_init.	[MsgId: MMSG-205052]
t=00006762ms: ** 1: Evaluate JavaScript code var jTransIteration = 0; ** started    [MsgId: MMSG-205180]	[MsgId: MMSG-205180]
t=00006763ms: ** 1: Evaluate JavaScript code var jTransIteration = 0; ** started    [MsgId: MMSG-205180]	[MsgId: MMSG-205180]
t=00006784ms: ** 1: Evaluate JavaScript code var jTransIteration = 0; ** successfully completed    [MsgId: MMSG-205180]	[MsgId: MMSG-205180]
Ending action vuser_init.	[MsgId: MMSG-205051]
Running Vuser...	[MsgId: MMSG-205064]
Starting iteration 1.	[MsgId: MMSG-15968]
Starting action Action.	[MsgId: MMSG-205052]
t=00006799ms: ** 1: Evaluate JavaScript code var jTransIteration = 0; ** successfully completed    [MsgId: MMSG-205180]	[MsgId: MMSG-205180]
Ending action vuser_init.	[MsgId: MMSG-205051]
t=00006801ms: ** 1: Evaluate JavaScript code var jTransIteration = 0; ** successfully completed    [MsgId: MMSG-205180]	[MsgId: MMSG-205180]
Ending action vuser_init.	[MsgId: MMSG-205051]
Virtual User Script started at : 2014-05-02 13:52:45	[MsgId: MMSG-205068]
Starting action vuser_init.	[MsgId: MMSG-205052]
Running Vuser...	[MsgId: MMSG-205064]
Starting iteration 1.	[MsgId: MMSG-15968]
Starting action Action.	[MsgId: MMSG-205052]
Running Vuser...	[MsgId: MMSG-205064]
Virtual User Script started at : 2014-05-02 13:52:45	[MsgId: MMSG-205068]
Starting action vuser_init.	[MsgId: MMSG-205052]
Starting iteration 1.	[MsgId: MMSG-15968]
Starting action Action.	[MsgId: MMSG-205052]
t=00006824ms: ** 1: Evaluate JavaScript code var jTransIteration = 0; ** started    [MsgId: MMSG-205180]	[MsgId: MMSG-205180]
Virtual User Script started at : 2014-05-02 13:52:45	[MsgId: MMSG-205068]
Starting action vuser_init.	[MsgId: MMSG-205052]
t=00006849ms: ** 1: Evaluate JavaScript code var jTransIteration = 0; ** started    [MsgId: MMSG-205180]	[MsgId: MMSG-205180]
Virtual User Script started at : 2014-05-02 13:52:45	[MsgId: MMSG-205068]
Starting action vuser_init.	[MsgId: MMSG-205052]
t=00006860ms: ** 1: Evaluate JavaScript code var jTransIteration = 0; ** started    [MsgId: MMSG-205180]	[MsgId: MMSG-205180]
t=00006880ms: ** 1: Evaluate JavaScript code var jTransIteration = 0; ** started    [MsgId: MMSG-205180]	[MsgId: MMSG-205180]
t=00006967ms: ** 1: Evaluate JavaScript code var jTransIteration = 0; ** successfully completed    [MsgId: MMSG-205180]	[MsgId: MMSG-205180]
t=00006967ms: ** 1: Evaluate JavaScript code var jTransIteration = 0; ** successfully completed    [MsgId: MMSG-205180]	[MsgId: MMSG-205180]
Ending action vuser_init.	[MsgId: MMSG-205051]
Ending action vuser_init.	[MsgId: MMSG-205051]
Running Vuser...	[MsgId: MMSG-205064]
Running Vuser...	[MsgId: MMSG-205064]
Starting iteration 1.	[MsgId: MMSG-15968]
Starting iteration 1.	[MsgId: MMSG-15968]
Starting action Action.	[MsgId: MMSG-205052]
Starting action Action.	[MsgId: MMSG-205052]
t=00007027ms: ** 1: Evaluate JavaScript code var jTransIteration = 0; ** successfully completed    [MsgId: MMSG-205180]	[MsgId: MMSG-205180]
Ending action vuser_init.	[MsgId: MMSG-205051]
Running Vuser...	[MsgId: MMSG-205064]
Starting iteration 1.	[MsgId: MMSG-15968]
Starting action Action.	[MsgId: MMSG-205052]
t=00007052ms: ** 1: Evaluate JavaScript code var jTransIteration = 0; ** successfully completed    [MsgId: MMSG-205180]	[MsgId: MMSG-205180]
Ending action vuser_init.	[MsgId: MMSG-205051]
t=00007065ms: ** 1: Evaluate JavaScript code var jTransIteration = 0; ** successfully completed    [MsgId: MMSG-205180]	[MsgId: MMSG-205180]
Ending action vuser_init.	[MsgId: MMSG-205051]
Running Vuser...	[MsgId: MMSG-205064]
Starting iteration 1.	[MsgId: MMSG-15968]
Starting action Action.	[MsgId: MMSG-205052]
t=00007085ms: ** 1: Evaluate JavaScript code var jTransIteration = 0; ** successfully completed    [MsgId: MMSG-205180]	[MsgId: MMSG-205180]
Running Vuser...	[MsgId: MMSG-205064]
Starting iteration 1.	[MsgId: MMSG-15968]
Starting action Action.	[MsgId: MMSG-205052]
Ending action vuser_init.	[MsgId: MMSG-205051]
Running Vuser...	[MsgId: MMSG-205064]
Starting iteration 1.	[MsgId: MMSG-15968]
Starting action Action.	[MsgId: MMSG-205052]
Notify: Transaction "T01_Landing" started.	[MsgId: MMSG-16999]
t=00007300ms: ** 1: Navigate to 'http://' +  TC.getParam...os/DropDownDemo' ** started    [MsgId: MMSG-205180]	[MsgId: MMSG-205180]
Notify: Transaction "T01_Landing" started.	[MsgId: MMSG-16999]
t=00007312ms: ** 1: Navigate to 'http://' +  TC.getParam...os/DropDownDemo' ** started    [MsgId: MMSG-205180]	[MsgId: MMSG-205180]
Notify: Transaction "T01_Landing" started.	[MsgId: MMSG-16999]
t=00007321ms: ** 1: Navigate to 'http://' +  TC.getParam...os/DropDownDemo' ** started    [MsgId: MMSG-205180]	[MsgId: MMSG-205180]
t=00007406ms: Warning -204676: Failed to connect to server "54.188.18.140": Connection timed out    [MsgId: MWAR-204676]	[MsgId: MWAR-204676]
Notify: Transaction "T01_Landing" started.	[MsgId: MMSG-16999]
Notify: Transaction "T01_Landing" started.	[MsgId: MMSG-16999]
t=00007483ms: ** 1: Navigate to 'http://' +  TC.getParam...os/DropDownDemo' ** started    [MsgId: MMSG-205180]	[MsgId: MMSG-205180]
t=00007486ms: ** 1: Navigate to 'http://' +  TC.getParam...os/DropDownDemo' ** started    [MsgId: MMSG-205180]	[MsgId: MMSG-205180]
t=00007511ms: Warning -204676: Failed to connect to server "54.188.18.140": Connection timed out    [MsgId: MWAR-204676]	[MsgId: MWAR-204676]
t=00007514ms: Warning -204676: Failed to connect to server "54.188.18.140": Connection timed out    [MsgId: MWAR-204676]	[MsgId: MWAR-204676]
Notify: Transaction "T01_Landing" started.	[MsgId: MMSG-16999]
t=00007545ms: ** 1: Navigate to 'http://' +  TC.getParam...os/DropDownDemo' ** started    [MsgId: MMSG-205180]	[MsgId: MMSG-205180]
Notify: Transaction "T01_Landing" started.	[MsgId: MMSG-16999]
t=00007582ms: ** 1: Navigate to 'http://' +  TC.getParam...os/DropDownDemo' ** started    [MsgId: MMSG-205180]	[MsgId: MMSG-205180]
Notify: Transaction "T01_Landing" started.	[MsgId: MMSG-16999]
t=00007597ms: ** 1: Navigate to 'http://' +  TC.getParam...os/DropDownDemo' ** started    [MsgId: MMSG-205180]	[MsgId: MMSG-205180]
Notify: Transaction "T01_Landing" started.	[MsgId: MMSG-16999]
t=00007617ms: ** 1: Navigate to 'http://' +  TC.getParam...os/DropDownDemo' ** started    [MsgId: MMSG-205180]	[MsgId: MMSG-205180]
t=00007680ms: Warning -204676: Failed to connect to server "54.188.18.140": Connection timed out    [MsgId: MWAR-204676]	[MsgId: MWAR-204676]
t=00007685ms: Warning -204676: Failed to connect to server "54.188.18.140": Connection timed out    [MsgId: MWAR-204676]	[MsgId: MWAR-204676]
t=00007897ms: Warning -204676: Failed to connect to server "54.188.18.140": Connection timed out    [MsgId: MWAR-204676]	[MsgId: MWAR-204676]
t=00008046ms: Warning -204676: Failed to connect to server "54.188.18.140": Connection timed out    [MsgId: MWAR-204676]	[MsgId: MWAR-204676]
t=00008048ms: Warning -204676: Failed to connect to server "54.188.18.140": Connection timed out    [MsgId: MWAR-204676]	[MsgId: MWAR-204676]
t=00008052ms: Warning -204676: Failed to connect to server "54.188.18.140": Connection timed out    [MsgId: MWAR-204676]	[MsgId: MWAR-204676]
t=00184903ms: Error -205177: ** 1: Navigate to "http://54.188.18.140/demos/DropDownDemo" ** timed out    [MsgId: MERR-205177]	[MsgId: MERR-205177]
Notify: Transaction "T01_Landing" ended with "Fail" status (Duration: 180.0186).	[MsgId: MMSG-16873]
Ending action Action.	[MsgId: MMSG-205051]
Ending iteration 1.	[MsgId: MMSG-15965]
Ending Vuser...	[MsgId: MMSG-205066]
Starting action vuser_end.	[MsgId: MMSG-205052]
Ending action vuser_end.	[MsgId: MMSG-205051]
Vuser Terminated.	[MsgId: MMSG-205063]
t=00187306ms: Error -205177: ** 1: Navigate to "http://54.188.18.140/demos/DropDownDemo" ** timed out    [MsgId: MERR-205177]	[MsgId: MERR-205177]
Notify: Transaction "T01_Landing" ended with "Fail" status (Duration: 180.0102).	[MsgId: MMSG-16873]
Ending action Action.	[MsgId: MMSG-205051]
Ending iteration 1.	[MsgId: MMSG-15965]
Ending Vuser...	[MsgId: MMSG-205066]
Starting action vuser_end.	[MsgId: MMSG-205052]
t=00187318ms: Error -205177: ** 1: Navigate to "http://54.188.18.140/demos/DropDownDemo" ** timed out    [MsgId: MERR-205177]	[MsgId: MERR-205177]
Notify: Transaction "T01_Landing" ended with "Fail" status (Duration: 180.0107).	[MsgId: MMSG-16873]
Ending action Action.	[MsgId: MMSG-205051]
Ending iteration 1.	[MsgId: MMSG-15965]
Ending Vuser...	[MsgId: MMSG-205066]
Starting action vuser_end.	[MsgId: MMSG-205052]
Ending action vuser_end.	[MsgId: MMSG-205051]
Vuser Terminated.	[MsgId: MMSG-205063]
Ending action vuser_end.	[MsgId: MMSG-205051]
Vuser Terminated.	[MsgId: MMSG-205063]
t=00187347ms: Error -205177: ** 1: Navigate to "http://54.188.18.140/demos/DropDownDemo" ** timed out    [MsgId: MERR-205177]	[MsgId: MERR-205177]
Notify: Transaction "T01_Landing" ended with "Fail" status (Duration: 180.0273).	[MsgId: MMSG-16873]
Ending action Action.	[MsgId: MMSG-205051]
Ending iteration 1.	[MsgId: MMSG-15965]
Ending Vuser...	[MsgId: MMSG-205066]
Starting action vuser_end.	[MsgId: MMSG-205052]
Ending action vuser_end.	[MsgId: MMSG-205051]
Vuser Terminated.	[MsgId: MMSG-205063]
t=00187487ms: Error -205177: ** 1: Navigate to "http://54.188.18.140/demos/DropDownDemo" ** timed out    [MsgId: MERR-205177]	[MsgId: MERR-205177]
Notify: Transaction "T01_Landing" ended with "Fail" status (Duration: 180.0064).	[MsgId: MMSG-16873]
Ending action Action.	[MsgId: MMSG-205051]
Ending iteration 1.	[MsgId: MMSG-15965]
Ending Vuser...	[MsgId: MMSG-205066]
Starting action vuser_end.	[MsgId: MMSG-205052]
t=00187490ms: Error -205177: ** 1: Navigate to "http://54.188.18.140/demos/DropDownDemo" ** timed out    [MsgId: MERR-205177]	[MsgId: MERR-205177]
Notify: Transaction "T01_Landing" ended with "Fail" status (Duration: 180.0084).	[MsgId: MMSG-16873]
Ending action Action.	[MsgId: MMSG-205051]
Ending iteration 1.	[MsgId: MMSG-15965]
Ending Vuser...	[MsgId: MMSG-205066]
Starting action vuser_end.	[MsgId: MMSG-205052]
Ending action vuser_end.	[MsgId: MMSG-205051]
Vuser Terminated.	[MsgId: MMSG-205063]
Ending action vuser_end.	[MsgId: MMSG-205051]
Vuser Terminated.	[MsgId: MMSG-205063]
t=00187548ms: Error -205177: ** 1: Navigate to "http://54.188.18.140/demos/DropDownDemo" ** timed out    [MsgId: MERR-205177]	[MsgId: MERR-205177]
Notify: Transaction "T01_Landing" ended with "Fail" status (Duration: 180.0056).	[MsgId: MMSG-16873]
Ending action Action.	[MsgId: MMSG-205051]
Ending iteration 1.	[MsgId: MMSG-15965]
Ending Vuser...	[MsgId: MMSG-205066]
Starting action vuser_end.	[MsgId: MMSG-205052]
Ending action vuser_end.	[MsgId: MMSG-205051]
Vuser Terminated.	[MsgId: MMSG-205063]
t=00187585ms: Error -205177: ** 1: Navigate to "http://54.188.18.140/demos/DropDownDemo" ** timed out    [MsgId: MERR-205177]	[MsgId: MERR-205177]
Notify: Transaction "T01_Landing" ended with "Fail" status (Duration: 180.0061).	[MsgId: MMSG-16873]
Ending action Action.	[MsgId: MMSG-205051]
Ending iteration 1.	[MsgId: MMSG-15965]
Ending Vuser...	[MsgId: MMSG-205066]
Starting action vuser_end.	[MsgId: MMSG-205052]
Ending action vuser_end.	[MsgId: MMSG-205051]
Vuser Terminated.	[MsgId: MMSG-205063]
t=00187604ms: Error -205177: ** 1: Navigate to "http://54.188.18.140/demos/DropDownDemo" ** timed out    [MsgId: MERR-205177]	[MsgId: MERR-205177]
Notify: Transaction "T01_Landing" ended with "Fail" status (Duration: 180.0106).	[MsgId: MMSG-16873]
Ending action Action.	[MsgId: MMSG-205051]
Ending iteration 1.	[MsgId: MMSG-15965]
Ending Vuser...	[MsgId: MMSG-205066]
Starting action vuser_end.	[MsgId: MMSG-205052]
Ending action vuser_end.	[MsgId: MMSG-205051]
Vuser Terminated.	[MsgId: MMSG-205063]
t=00187624ms: Error -205177: ** 1: Navigate to "http://54.188.18.140/demos/DropDownDemo" ** timed out    [MsgId: MERR-205177]	[MsgId: MERR-205177]
Notify: Transaction "T01_Landing" ended with "Fail" status (Duration: 180.0114).	[MsgId: MMSG-16873]
Ending action Action.	[MsgId: MMSG-205051]
Ending iteration 1.	[MsgId: MMSG-15965]
Ending Vuser...	[MsgId: MMSG-205066]
Starting action vuser_end.	[MsgId: MMSG-205052]
Ending action vuser_end.	[MsgId: MMSG-205051]
Vuser Terminated.	[MsgId: MMSG-205063]
